<?xml version="1.0" encoding="UTF-8"?>
<coverage generated="1340219758">
  <project timestamp="1340219758">
    <file name="/home/ology023/mydemo/src/MyClass.php">
      <class name="MyClass" namespace="global">
        <metrics methods="1" coveredmethods="1" conditionals="0" coveredconditionals="0" statements="3" coveredstatements="3" elements="4" coveredelements="4"/>
      </class>
      <line num="4" type="method" name="demo" crap="2" count="2"/>
      <line num="5" type="stmt" count="2"/>
      <line num="6" type="stmt" count="1"/>
      <line num="8" type="stmt" count="1"/>
      <metrics loc="11" ncloc="11" classes="1" methods="1" coveredmethods="1" conditionals="0" coveredconditionals="0" statements="3" coveredstatements="3" elements="4" coveredelements="4"/>
    </file>
    <metrics files="1" loc="11" ncloc="11" classes="1" methods="1" coveredmethods="1" conditionals="0" coveredconditionals="0" statements="3" coveredstatements="3" elements="4" coveredelements="4"/>
  </project>
</coverage>
